<?xml version="1.0" encoding="UTF-8"?>
<!-- Generated by org.testng.reporters.JUnitReportReporter -->
<testsuite hostname="DESKTOP-AO2S42G" failures="0" tests="3" name="com.webshop.qa.testcases.LoginPageTest" time="28.467" errors="0" timestamp="04 Mar 2022 11:30:10 GMT" skipped="0">
  <testcase classname="com.webshop.qa.testcases.LoginPageTest" name="verifyLoginPageTitleTest" time="5.791"/>
  <testcase classname="com.webshop.qa.testcases.LoginPageTest" name="getNewCustomerTextTest" time="13.260"/>
  <testcase classname="com.webshop.qa.testcases.LoginPageTest" name="clickOnLoginBtnTest" time="9.416"/>
</testsuite> <!-- com.webshop.qa.testcases.LoginPageTest -->
