<?xml version="1.0" encoding="UTF-8"?>
<!-- Generated by org.testng.reporters.JUnitReportReporter -->
<testsuite hostname="DESKTOP-AO2S42G" failures="0" tests="5" name="com.webshop.qa.testcases.ShoppingCartPageTest" time="53.239" errors="0" timestamp="04 Mar 2022 11:39:45 GMT" skipped="0">
  <testcase classname="com.webshop.qa.testcases.ShoppingCartPageTest" name="verifyShoppingPageTitleTest" time="9.667"/>
  <testcase classname="com.webshop.qa.testcases.ShoppingCartPageTest" name="verifyBlueJeansLinkPresentTest" time="8.117"/>
  <testcase classname="com.webshop.qa.testcases.ShoppingCartPageTest" name="verifyBlueJeansTitleTest" time="9.700"/>
  <testcase classname="com.webshop.qa.testcases.ShoppingCartPageTest" name="verifyPriceOfBlueJeansTest" time="13.090"/>
  <testcase classname="com.webshop.qa.testcases.ShoppingCartPageTest" name="addJeansAndClickOnCheckOutBtnTest" time="12.665"/>
</testsuite> <!-- com.webshop.qa.testcases.ShoppingCartPageTest -->
