<?xml version="1.0" encoding="UTF-8"?>
<!-- Generated by org.testng.reporters.JUnitReportReporter -->
<testsuite hostname="DESKTOP-AO2S42G" failures="0" tests="3" name="com.webshop.qa.testcases.HomePageTest" time="37.316" errors="0" timestamp="04 Mar 2022 11:34:38 GMT" skipped="0">
  <testcase classname="com.webshop.qa.testcases.HomePageTest" name="verifyHomePageTitleTest" time="8.971"/>
  <testcase classname="com.webshop.qa.testcases.HomePageTest" name="verifyLoggedInUserTest" time="13.311"/>
  <testcase classname="com.webshop.qa.testcases.HomePageTest" name="verifyShoppingCartQuantityValue" time="15.034"/>
</testsuite> <!-- com.webshop.qa.testcases.HomePageTest -->
