<?xml version="1.0" encoding="UTF-8"?>
<!-- Generated by org.testng.reporters.JUnitReportReporter -->
<testsuite hostname="DESKTOP-AO2S42G" failures="0" tests="4" name="com.webshop.qa.testcases.CheckOutPageTest" time="131.671" errors="0" timestamp="04 Mar 2022 13:46:32 GMT" skipped="0">
  <testcase classname="com.webshop.qa.testcases.CheckOutPageTest" name="verifyCheckOutPageTitleTest" time="29.051"/>
  <testcase classname="com.webshop.qa.testcases.CheckOutPageTest" name="verifyTotalJeansPriceTest" time="34.549"/>
  <testcase classname="com.webshop.qa.testcases.CheckOutPageTest" name="verifyTotalCartValueTest" time="33.839"/>
  <testcase classname="com.webshop.qa.testcases.CheckOutPageTest" name="doConfirmOrderTest" time="34.232"/>
</testsuite> <!-- com.webshop.qa.testcases.CheckOutPageTest -->
