<?xml version="1.0" encoding="UTF-8"?>
<!-- Generated by org.testng.reporters.JUnitReportReporter -->
<testsuite hostname="DESKTOP-AO2S42G" failures="0" tests="5" name="com.webshop.qa.testcases.LandingPageTest" time="108.258" errors="0" timestamp="07 Mar 2022 12:19:29 GMT" skipped="0">
  <testcase classname="com.webshop.qa.testcases.LandingPageTest" name="validateBrokenLinksOnLandingPage" time="53.399"/>
  <testcase classname="com.webshop.qa.testcases.LandingPageTest" name="verifyLandingPageTitleTest" time="16.372"/>
  <testcase classname="com.webshop.qa.testcases.LandingPageTest" name="verifyLoginLinkDisplayTest" time="17.614"/>
  <testcase classname="com.webshop.qa.testcases.LandingPageTest" name="verifyWebShopImagePresentTest" time="12.205"/>
  <testcase classname="com.webshop.qa.testcases.LandingPageTest" name="clickOnLoginLinkTest" time="8.668"/>
</testsuite> <!-- com.webshop.qa.testcases.LandingPageTest -->
