<?xml version="1.0" encoding="UTF-8"?>
<!-- Generated by org.testng.reporters.JUnitReportReporter -->
<testsuite hostname="DESKTOP-AO2S42G" failures="0" tests="3" name="com.webshop.qa.testcases.OrderNumber_LogOutPageTest" time="130.885" errors="0" timestamp="04 Mar 2022 14:20:58 GMT" skipped="0">
  <testcase classname="com.webshop.qa.testcases.OrderNumber_LogOutPageTest" name="verifyOrderPlacementMessageTest" time="49.045"/>
  <testcase classname="com.webshop.qa.testcases.OrderNumber_LogOutPageTest" name="captureTheOrderNumberTest" time="37.040"/>
  <testcase classname="com.webshop.qa.testcases.OrderNumber_LogOutPageTest" name="clickOnContinueBtnAndLogoutTest" time="44.800"/>
</testsuite> <!-- com.webshop.qa.testcases.OrderNumber_LogOutPageTest -->
