<?xml version="1.0" encoding="UTF-8"?>
<!-- Generated by org.testng.reporters.JUnitReportReporter -->
<testsuite hostname="DESKTOP-AO2S42G" failures="0" tests="4" name="com.webshop.qa.testcases.LandingPageTest" time="39.895" errors="0" timestamp="04 Mar 2022 11:02:48 GMT" skipped="0">
  <testcase classname="com.webshop.qa.testcases.LandingPageTest" name="verifyLandingPageTitleTest" time="16.492"/>
  <testcase classname="com.webshop.qa.testcases.LandingPageTest" name="verifyLoginLinkDisplayTest" time="9.125"/>
  <testcase classname="com.webshop.qa.testcases.LandingPageTest" name="verifyWebShopImagePresentTest" time="5.963"/>
  <testcase classname="com.webshop.qa.testcases.LandingPageTest" name="clickOnLoginLinkTest" time="8.315"/>
</testsuite> <!-- com.webshop.qa.testcases.LandingPageTest -->
